<?xml version="1.0" encoding="UTF-8"?>
<testsuite xmlns:xsi="http://www.w3.org/2001/XMLSchema-instance" xsi:noNamespaceSchemaLocation="https://maven.apache.org/surefire/maven-surefire-plugin/xsd/surefire-test-report-3.0.xsd" version="3.0" name="AeroportTest" time="0.047" tests="12" errors="0" skipped="0" failures="0">
  <properties>
    <property name="java.specification.version" value="19"/>
    <property name="sun.cpu.isalist" value="amd64"/>
    <property name="sun.jnu.encoding" value="Cp1252"/>
    <property name="java.class.path" value="C:\Users\milan\OneDrive\Documents\Mini_Projet\target\test-classes;C:\Users\milan\OneDrive\Documents\Mini_Projet\target\classes;C:\Users\milan\.m2\repository\junit\junit\4.13.2\junit-4.13.2.jar;C:\Users\milan\.m2\repository\org\hamcrest\hamcrest-core\1.3\hamcrest-core-1.3.jar;"/>
    <property name="java.vm.vendor" value="Oracle Corporation"/>
    <property name="sun.arch.data.model" value="64"/>
    <property name="user.variant" value=""/>
    <property name="java.vendor.url" value="https://java.oracle.com/"/>
    <property name="user.timezone" value="Europe/Paris"/>
    <property name="os.name" value="Windows 10"/>
    <property name="java.vm.specification.version" value="19"/>
    <property name="sun.java.launcher" value="SUN_STANDARD"/>
    <property name="user.country" value="FR"/>
    <property name="sun.boot.library.path" value="C:\Program Files\Java\jdk-19\bin"/>
    <property name="sun.java.command" value="C:\Users\milan\AppData\Local\Temp\surefire3192963106459216126\surefirebooter-20250417155307623_3.jar C:\Users\milan\AppData\Local\Temp\surefire3192963106459216126 2025-04-17T15-53-07_457-jvmRun1 surefire-20250417155307623_1tmp surefire_0-20250417155307623_2tmp"/>
    <property name="jdk.debug" value="release"/>
    <property name="surefire.test.class.path" value="C:\Users\milan\OneDrive\Documents\Mini_Projet\target\test-classes;C:\Users\milan\OneDrive\Documents\Mini_Projet\target\classes;C:\Users\milan\.m2\repository\junit\junit\4.13.2\junit-4.13.2.jar;C:\Users\milan\.m2\repository\org\hamcrest\hamcrest-core\1.3\hamcrest-core-1.3.jar;"/>
    <property name="sun.cpu.endian" value="little"/>
    <property name="user.home" value="C:\Users\milan"/>
    <property name="user.language" value="fr"/>
    <property name="java.specification.vendor" value="Oracle Corporation"/>
    <property name="java.version.date" value="2022-09-20"/>
    <property name="java.home" value="C:\Program Files\Java\jdk-19"/>
    <property name="file.separator" value="\"/>
    <property name="basedir" value="C:\Users\milan\OneDrive\Documents\Mini_Projet"/>
    <property name="java.vm.compressedOopsMode" value="32-bit"/>
    <property name="line.separator" value="&#10;"/>
    <property name="java.vm.specification.vendor" value="Oracle Corporation"/>
    <property name="java.specification.name" value="Java Platform API Specification"/>
    <property name="surefire.real.class.path" value="C:\Users\milan\AppData\Local\Temp\surefire3192963106459216126\surefirebooter-20250417155307623_3.jar"/>
    <property name="user.script" value=""/>
    <property name="sun.management.compiler" value="HotSpot 64-Bit Tiered Compilers"/>
    <property name="java.runtime.version" value="19+36-2238"/>
    <property name="user.name" value="milan"/>
    <property name="stdout.encoding" value="Cp1252"/>
    <property name="path.separator" value=";"/>
    <property name="os.version" value="10.0"/>
    <property name="java.runtime.name" value="Java(TM) SE Runtime Environment"/>
    <property name="file.encoding" value="UTF-8"/>
    <property name="java.vm.name" value="Java HotSpot(TM) 64-Bit Server VM"/>
    <property name="localRepository" value="C:\Users\milan\.m2\repository"/>
    <property name="java.vendor.url.bug" value="https://bugreport.java.com/bugreport/"/>
    <property name="java.io.tmpdir" value="C:\Users\milan\AppData\Local\Temp\"/>
    <property name="idea.version" value="2024.3.2.2"/>
    <property name="java.version" value="19"/>
    <property name="user.dir" value="C:\Users\milan\OneDrive\Documents\Mini_Projet"/>
    <property name="os.arch" value="amd64"/>
    <property name="java.vm.specification.name" value="Java Virtual Machine Specification"/>
    <property name="sun.os.patch.level" value=""/>
    <property name="native.encoding" value="Cp1252"/>
    <property name="java.library.path" value="C:\Program Files\Java\jdk-19\bin;C:\WINDOWS\Sun\Java\bin;C:\WINDOWS\system32;C:\WINDOWS;C:\Program Files\Common Files\Oracle\Java\javapath;C:\WINDOWS\system32;C:\WINDOWS;C:\WINDOWS\System32\Wbem;C:\WINDOWS\System32\WindowsPowerShell\v1.0\;C:\WINDOWS\System32\OpenSSH\;C:\Program Files\Java\jdk-19\bin;C:\ProgramData\chocolatey\bin;C:\Program Files\HP\HP One Agent;C:\Program Files\OpenSSL-Win64\bin;C:\Program Files\MATLAB\R2024b\bin;C:\Program Files\Git\cmd;C:\Program Files\nodejs\;C:\Users\milan\apache-maven-3.9.9\bin;C:\Users\milan\AppData\Roaming\npm\node_modules\.bin;C:\Program Files\Common Files\Oracle\Java\javapath;C:\WINDOWS\system32;C:\WINDOWS;C:\WINDOWS\System32\Wbem;C:\WINDOWS\System32\WindowsPowerShell\v1.0\;C:\WINDOWS\System32\OpenSSH\;C:\Program Files\Java\jdk-19\bin;C:\Program Files\Git\cmd;C:\Program Files\nodejs\;C:\ProgramData\chocolatey\bin;C:\Users\milan\AppData\Local\Microsoft\WindowsApps;C:\Users\milan\AppData\Local\Programs\Microsoft VS Code\bin;C:\wamp64\bin\php\php7.4.26;C:\Users\milan\AppData\Local\ComposerSetup\bin;C:\Users\milan\AppData\Roaming\Composer\vendor\bin;C:\Program Files\JetBrains\IntelliJ IDEA 2024.3.2.2\bin;;C:\Users\milan\AppData\Roaming\npm;."/>
    <property name="java.vm.info" value="mixed mode, sharing"/>
    <property name="stderr.encoding" value="Cp1252"/>
    <property name="java.vendor" value="Oracle Corporation"/>
    <property name="java.vm.version" value="19+36-2238"/>
    <property name="sun.io.unicode.encoding" value="UnicodeLittle"/>
    <property name="java.class.version" value="63.0"/>
  </properties>
  <testcase name="testAfficherInfos" classname="AeroportTest" time="0.006"/>
  <testcase name="testGetVille" classname="AeroportTest" time="0.0"/>
  <testcase name="testChercherAeroport" classname="AeroportTest" time="0.0"/>
  <testcase name="testSetDescription" classname="AeroportTest" time="0.0"/>
  <testcase name="testAffecterVol" classname="AeroportTest" time="0.0"/>
  <testcase name="testSupprimerAeroport" classname="AeroportTest" time="0.0"/>
  <testcase name="testGetDescription" classname="AeroportTest" time="0.0"/>
  <testcase name="testGetNom" classname="AeroportTest" time="0.0"/>
  <testcase name="testAjouterAeroport" classname="AeroportTest" time="0.0"/>
  <testcase name="testModifierAeroport" classname="AeroportTest" time="0.0"/>
  <testcase name="testSetNom" classname="AeroportTest" time="0.0"/>
  <testcase name="testSetVille" classname="AeroportTest" time="0.0"/>
</testsuite>